<?xml version="1.0" encoding="UTF-8"?>
<testsuite xmlns:xsi="http://www.w3.org/2001/XMLSchema-instance" xsi:noNamespaceSchemaLocation="https://maven.apache.org/surefire/maven-surefire-plugin/xsd/surefire-test-report-3.0.xsd" version="3.0" name="TestSuite" time="22.135" tests="7" errors="0" skipped="0" failures="0">
  <properties>
    <property name="java.specification.version" value="17"/>
    <property name="sun.cpu.isalist" value="amd64"/>
    <property name="sun.jnu.encoding" value="Cp1252"/>
    <property name="java.class.path" value="C:\Users\anilkumar06\eclipse-workspace\com.nagarro.nagp.restassured\target\test-classes;C:\Users\anilkumar06\eclipse-workspace\com.nagarro.nagp.restassured\target\classes;C:\Users\anilkumar06\.m2\repository\io\rest-assured\rest-assured\5.4.0\rest-assured-5.4.0.jar;C:\Users\anilkumar06\.m2\repository\org\apache\groovy\groovy\4.0.16\groovy-4.0.16.jar;C:\Users\anilkumar06\.m2\repository\org\apache\groovy\groovy-xml\4.0.16\groovy-xml-4.0.16.jar;C:\Users\anilkumar06\.m2\repository\org\apache\httpcomponents\httpclient\4.5.13\httpclient-4.5.13.jar;C:\Users\anilkumar06\.m2\repository\org\apache\httpcomponents\httpcore\4.4.13\httpcore-4.4.13.jar;C:\Users\anilkumar06\.m2\repository\commons-logging\commons-logging\1.2\commons-logging-1.2.jar;C:\Users\anilkumar06\.m2\repository\commons-codec\commons-codec\1.11\commons-codec-1.11.jar;C:\Users\anilkumar06\.m2\repository\org\apache\httpcomponents\httpmime\4.5.13\httpmime-4.5.13.jar;C:\Users\anilkumar06\.m2\repository\org\hamcrest\hamcrest\2.2\hamcrest-2.2.jar;C:\Users\anilkumar06\.m2\repository\org\ccil\cowan\tagsoup\tagsoup\1.2.1\tagsoup-1.2.1.jar;C:\Users\anilkumar06\.m2\repository\io\rest-assured\xml-path\5.4.0\xml-path-5.4.0.jar;C:\Users\anilkumar06\.m2\repository\org\apache\commons\commons-lang3\3.11\commons-lang3-3.11.jar;C:\Users\anilkumar06\.m2\repository\org\testng\testng\7.7.1\testng-7.7.1.jar;C:\Users\anilkumar06\.m2\repository\org\slf4j\slf4j-api\1.7.36\slf4j-api-1.7.36.jar;C:\Users\anilkumar06\.m2\repository\com\beust\jcommander\1.82\jcommander-1.82.jar;C:\Users\anilkumar06\.m2\repository\org\webjars\jquery\3.6.1\jquery-3.6.1.jar;C:\Users\anilkumar06\.m2\repository\com\aventstack\extentreports\4.0.9\extentreports-4.0.9.jar;C:\Users\anilkumar06\.m2\repository\org\freemarker\freemarker\2.3.23\freemarker-2.3.23.jar;C:\Users\anilkumar06\.m2\repository\org\mongodb\mongodb-driver\3.3.0\mongodb-driver-3.3.0.jar;C:\Users\anilkumar06\.m2\repository\org\mongodb\mongodb-driver-core\3.3.0\mongodb-driver-core-3.3.0.jar;C:\Users\anilkumar06\.m2\repository\org\mongodb\bson\3.3.0\bson-3.3.0.jar;C:\Users\anilkumar06\.m2\repository\com\google\code\gson\gson\2.8.5\gson-2.8.5.jar;C:\Users\anilkumar06\.m2\repository\com\fasterxml\jackson\core\jackson-databind\2.13.3\jackson-databind-2.13.3.jar;C:\Users\anilkumar06\.m2\repository\com\fasterxml\jackson\core\jackson-annotations\2.13.3\jackson-annotations-2.13.3.jar;C:\Users\anilkumar06\.m2\repository\com\fasterxml\jackson\core\jackson-core\2.13.3\jackson-core-2.13.3.jar;C:\Users\anilkumar06\.m2\repository\org\everit\json\org.everit.json.schema\1.0.0\org.everit.json.schema-1.0.0.jar;C:\Users\anilkumar06\.m2\repository\org\everit\osgi\bundles\org.everit.osgi.bundles.org.json\1.0.0-v20140107\org.everit.osgi.bundles.org.json-1.0.0-v20140107.jar;C:\Users\anilkumar06\.m2\repository\io\rest-assured\json-path\5.4.0\json-path-5.4.0.jar;C:\Users\anilkumar06\.m2\repository\org\apache\groovy\groovy-json\4.0.16\groovy-json-4.0.16.jar;C:\Users\anilkumar06\.m2\repository\io\rest-assured\rest-assured-common\5.4.0\rest-assured-common-5.4.0.jar;C:\Users\anilkumar06\.m2\repository\org\apache\logging\log4j\log4j-core\2.17.2\log4j-core-2.17.2.jar;C:\Users\anilkumar06\.m2\repository\org\apache\logging\log4j\log4j-api\2.17.2\log4j-api-2.17.2.jar;C:\Users\anilkumar06\.m2\repository\org\apache\directory\studio\org.apache.commons.io\2.4\org.apache.commons.io-2.4.jar;C:\Users\anilkumar06\.m2\repository\commons-io\commons-io\2.4\commons-io-2.4.jar;C:\Users\anilkumar06\.m2\repository\io\rest-assured\json-schema-validator\5.1.1\json-schema-validator-5.1.1.jar;C:\Users\anilkumar06\.m2\repository\com\github\java-json-tools\json-schema-validator\2.2.14\json-schema-validator-2.2.14.jar;C:\Users\anilkumar06\.m2\repository\com\google\guava\guava\28.2-android\guava-28.2-android.jar;C:\Users\anilkumar06\.m2\repository\com\google\guava\failureaccess\1.0.1\failureaccess-1.0.1.jar;C:\Users\anilkumar06\.m2\repository\com\google\guava\listenablefuture\9999.0-empty-to-avoid-conflict-with-guava\listenablefuture-9999.0-empty-to-avoid-conflict-with-guava.jar;C:\Users\anilkumar06\.m2\repository\org\checkerframework\checker-compat-qual\2.5.5\checker-compat-qual-2.5.5.jar;C:\Users\anilkumar06\.m2\repository\com\google\errorprone\error_prone_annotations\2.3.4\error_prone_annotations-2.3.4.jar;C:\Users\anilkumar06\.m2\repository\com\google\j2objc\j2objc-annotations\1.3\j2objc-annotations-1.3.jar;C:\Users\anilkumar06\.m2\repository\com\github\java-json-tools\jackson-coreutils-equivalence\1.0\jackson-coreutils-equivalence-1.0.jar;C:\Users\anilkumar06\.m2\repository\com\github\java-json-tools\jackson-coreutils\2.0\jackson-coreutils-2.0.jar;C:\Users\anilkumar06\.m2\repository\com\github\java-json-tools\msg-simple\1.2\msg-simple-1.2.jar;C:\Users\anilkumar06\.m2\repository\com\github\java-json-tools\btf\1.3\btf-1.3.jar;C:\Users\anilkumar06\.m2\repository\com\github\java-json-tools\json-schema-core\1.2.14\json-schema-core-1.2.14.jar;C:\Users\anilkumar06\.m2\repository\com\github\java-json-tools\uri-template\0.10\uri-template-0.10.jar;C:\Users\anilkumar06\.m2\repository\org\mozilla\rhino\1.7.7.2\rhino-1.7.7.2.jar;C:\Users\anilkumar06\.m2\repository\com\sun\mail\mailapi\1.6.2\mailapi-1.6.2.jar;C:\Users\anilkumar06\.m2\repository\joda-time\joda-time\2.10.5\joda-time-2.10.5.jar;C:\Users\anilkumar06\.m2\repository\com\googlecode\libphonenumber\libphonenumber\8.11.1\libphonenumber-8.11.1.jar;C:\Users\anilkumar06\.m2\repository\com\google\code\findbugs\jsr305\3.0.2\jsr305-3.0.2.jar;C:\Users\anilkumar06\.m2\repository\net\sf\jopt-simple\jopt-simple\5.0.4\jopt-simple-5.0.4.jar;"/>
    <property name="java.vm.vendor" value="Eclipse Adoptium"/>
    <property name="sun.arch.data.model" value="64"/>
    <property name="user.variant" value=""/>
    <property name="java.vendor.url" value="https://adoptium.net/"/>
    <property name="user.timezone" value="Asia/Calcutta"/>
    <property name="os.name" value="Windows 11"/>
    <property name="java.vm.specification.version" value="17"/>
    <property name="sun.java.launcher" value="SUN_STANDARD"/>
    <property name="user.country" value="IN"/>
    <property name="sun.boot.library.path" value="C:\Users\anilkumar06\.p2\pool\plugins\org.eclipse.justj.openjdk.hotspot.jre.full.win32.x86_64_17.0.7.v20230425-1502\jre\bin"/>
    <property name="sun.java.command" value="C:\Users\anilkumar06\AppData\Local\Temp\surefire266996051611719088\surefirebooter-20240624123539762_3.jar C:\Users\anilkumar06\AppData\Local\Temp\surefire266996051611719088 2024-06-24T12-35-39_631-jvmRun1 surefire-20240624123539762_1tmp surefire_0-20240624123539762_2tmp"/>
    <property name="jdk.debug" value="release"/>
    <property name="surefire.test.class.path" value="C:\Users\anilkumar06\eclipse-workspace\com.nagarro.nagp.restassured\target\test-classes;C:\Users\anilkumar06\eclipse-workspace\com.nagarro.nagp.restassured\target\classes;C:\Users\anilkumar06\.m2\repository\io\rest-assured\rest-assured\5.4.0\rest-assured-5.4.0.jar;C:\Users\anilkumar06\.m2\repository\org\apache\groovy\groovy\4.0.16\groovy-4.0.16.jar;C:\Users\anilkumar06\.m2\repository\org\apache\groovy\groovy-xml\4.0.16\groovy-xml-4.0.16.jar;C:\Users\anilkumar06\.m2\repository\org\apache\httpcomponents\httpclient\4.5.13\httpclient-4.5.13.jar;C:\Users\anilkumar06\.m2\repository\org\apache\httpcomponents\httpcore\4.4.13\httpcore-4.4.13.jar;C:\Users\anilkumar06\.m2\repository\commons-logging\commons-logging\1.2\commons-logging-1.2.jar;C:\Users\anilkumar06\.m2\repository\commons-codec\commons-codec\1.11\commons-codec-1.11.jar;C:\Users\anilkumar06\.m2\repository\org\apache\httpcomponents\httpmime\4.5.13\httpmime-4.5.13.jar;C:\Users\anilkumar06\.m2\repository\org\hamcrest\hamcrest\2.2\hamcrest-2.2.jar;C:\Users\anilkumar06\.m2\repository\org\ccil\cowan\tagsoup\tagsoup\1.2.1\tagsoup-1.2.1.jar;C:\Users\anilkumar06\.m2\repository\io\rest-assured\xml-path\5.4.0\xml-path-5.4.0.jar;C:\Users\anilkumar06\.m2\repository\org\apache\commons\commons-lang3\3.11\commons-lang3-3.11.jar;C:\Users\anilkumar06\.m2\repository\org\testng\testng\7.7.1\testng-7.7.1.jar;C:\Users\anilkumar06\.m2\repository\org\slf4j\slf4j-api\1.7.36\slf4j-api-1.7.36.jar;C:\Users\anilkumar06\.m2\repository\com\beust\jcommander\1.82\jcommander-1.82.jar;C:\Users\anilkumar06\.m2\repository\org\webjars\jquery\3.6.1\jquery-3.6.1.jar;C:\Users\anilkumar06\.m2\repository\com\aventstack\extentreports\4.0.9\extentreports-4.0.9.jar;C:\Users\anilkumar06\.m2\repository\org\freemarker\freemarker\2.3.23\freemarker-2.3.23.jar;C:\Users\anilkumar06\.m2\repository\org\mongodb\mongodb-driver\3.3.0\mongodb-driver-3.3.0.jar;C:\Users\anilkumar06\.m2\repository\org\mongodb\mongodb-driver-core\3.3.0\mongodb-driver-core-3.3.0.jar;C:\Users\anilkumar06\.m2\repository\org\mongodb\bson\3.3.0\bson-3.3.0.jar;C:\Users\anilkumar06\.m2\repository\com\google\code\gson\gson\2.8.5\gson-2.8.5.jar;C:\Users\anilkumar06\.m2\repository\com\fasterxml\jackson\core\jackson-databind\2.13.3\jackson-databind-2.13.3.jar;C:\Users\anilkumar06\.m2\repository\com\fasterxml\jackson\core\jackson-annotations\2.13.3\jackson-annotations-2.13.3.jar;C:\Users\anilkumar06\.m2\repository\com\fasterxml\jackson\core\jackson-core\2.13.3\jackson-core-2.13.3.jar;C:\Users\anilkumar06\.m2\repository\org\everit\json\org.everit.json.schema\1.0.0\org.everit.json.schema-1.0.0.jar;C:\Users\anilkumar06\.m2\repository\org\everit\osgi\bundles\org.everit.osgi.bundles.org.json\1.0.0-v20140107\org.everit.osgi.bundles.org.json-1.0.0-v20140107.jar;C:\Users\anilkumar06\.m2\repository\io\rest-assured\json-path\5.4.0\json-path-5.4.0.jar;C:\Users\anilkumar06\.m2\repository\org\apache\groovy\groovy-json\4.0.16\groovy-json-4.0.16.jar;C:\Users\anilkumar06\.m2\repository\io\rest-assured\rest-assured-common\5.4.0\rest-assured-common-5.4.0.jar;C:\Users\anilkumar06\.m2\repository\org\apache\logging\log4j\log4j-core\2.17.2\log4j-core-2.17.2.jar;C:\Users\anilkumar06\.m2\repository\org\apache\logging\log4j\log4j-api\2.17.2\log4j-api-2.17.2.jar;C:\Users\anilkumar06\.m2\repository\org\apache\directory\studio\org.apache.commons.io\2.4\org.apache.commons.io-2.4.jar;C:\Users\anilkumar06\.m2\repository\commons-io\commons-io\2.4\commons-io-2.4.jar;C:\Users\anilkumar06\.m2\repository\io\rest-assured\json-schema-validator\5.1.1\json-schema-validator-5.1.1.jar;C:\Users\anilkumar06\.m2\repository\com\github\java-json-tools\json-schema-validator\2.2.14\json-schema-validator-2.2.14.jar;C:\Users\anilkumar06\.m2\repository\com\google\guava\guava\28.2-android\guava-28.2-android.jar;C:\Users\anilkumar06\.m2\repository\com\google\guava\failureaccess\1.0.1\failureaccess-1.0.1.jar;C:\Users\anilkumar06\.m2\repository\com\google\guava\listenablefuture\9999.0-empty-to-avoid-conflict-with-guava\listenablefuture-9999.0-empty-to-avoid-conflict-with-guava.jar;C:\Users\anilkumar06\.m2\repository\org\checkerframework\checker-compat-qual\2.5.5\checker-compat-qual-2.5.5.jar;C:\Users\anilkumar06\.m2\repository\com\google\errorprone\error_prone_annotations\2.3.4\error_prone_annotations-2.3.4.jar;C:\Users\anilkumar06\.m2\repository\com\google\j2objc\j2objc-annotations\1.3\j2objc-annotations-1.3.jar;C:\Users\anilkumar06\.m2\repository\com\github\java-json-tools\jackson-coreutils-equivalence\1.0\jackson-coreutils-equivalence-1.0.jar;C:\Users\anilkumar06\.m2\repository\com\github\java-json-tools\jackson-coreutils\2.0\jackson-coreutils-2.0.jar;C:\Users\anilkumar06\.m2\repository\com\github\java-json-tools\msg-simple\1.2\msg-simple-1.2.jar;C:\Users\anilkumar06\.m2\repository\com\github\java-json-tools\btf\1.3\btf-1.3.jar;C:\Users\anilkumar06\.m2\repository\com\github\java-json-tools\json-schema-core\1.2.14\json-schema-core-1.2.14.jar;C:\Users\anilkumar06\.m2\repository\com\github\java-json-tools\uri-template\0.10\uri-template-0.10.jar;C:\Users\anilkumar06\.m2\repository\org\mozilla\rhino\1.7.7.2\rhino-1.7.7.2.jar;C:\Users\anilkumar06\.m2\repository\com\sun\mail\mailapi\1.6.2\mailapi-1.6.2.jar;C:\Users\anilkumar06\.m2\repository\joda-time\joda-time\2.10.5\joda-time-2.10.5.jar;C:\Users\anilkumar06\.m2\repository\com\googlecode\libphonenumber\libphonenumber\8.11.1\libphonenumber-8.11.1.jar;C:\Users\anilkumar06\.m2\repository\com\google\code\findbugs\jsr305\3.0.2\jsr305-3.0.2.jar;C:\Users\anilkumar06\.m2\repository\net\sf\jopt-simple\jopt-simple\5.0.4\jopt-simple-5.0.4.jar;"/>
    <property name="sun.cpu.endian" value="little"/>
    <property name="user.home" value="C:\Users\anilkumar06"/>
    <property name="user.language" value="en"/>
    <property name="java.specification.vendor" value="Oracle Corporation"/>
    <property name="java.version.date" value="2023-04-18"/>
    <property name="java.home" value="C:\Users\anilkumar06\.p2\pool\plugins\org.eclipse.justj.openjdk.hotspot.jre.full.win32.x86_64_17.0.7.v20230425-1502\jre"/>
    <property name="file.separator" value="\"/>
    <property name="style.color" value="always"/>
    <property name="basedir" value="C:\Users\anilkumar06\eclipse-workspace\com.nagarro.nagp.restassured"/>
    <property name="java.vm.compressedOopsMode" value="Zero based"/>
    <property name="line.separator" value="&#10;"/>
    <property name="java.vm.specification.vendor" value="Oracle Corporation"/>
    <property name="java.specification.name" value="Java Platform API Specification"/>
    <property name="surefire.real.class.path" value="C:\Users\anilkumar06\AppData\Local\Temp\surefire266996051611719088\surefirebooter-20240624123539762_3.jar"/>
    <property name="user.script" value=""/>
    <property name="sun.management.compiler" value="HotSpot 64-Bit Tiered Compilers"/>
    <property name="java.runtime.version" value="17.0.7+7"/>
    <property name="user.name" value="anilkumar06"/>
    <property name="path.separator" value=";"/>
    <property name="os.version" value="10.0"/>
    <property name="java.runtime.name" value="OpenJDK Runtime Environment"/>
    <property name="file.encoding" value="Cp1252"/>
    <property name="java.vm.name" value="OpenJDK 64-Bit Server VM"/>
    <property name="java.vendor.version" value="Temurin-17.0.7+7"/>
    <property name="localRepository" value="C:\Users\anilkumar06\.m2\repository"/>
    <property name="java.vendor.url.bug" value="https://github.com/adoptium/adoptium-support/issues"/>
    <property name="java.io.tmpdir" value="C:\Users\ANILKU~1\AppData\Local\Temp\"/>
    <property name="java.version" value="17.0.7"/>
    <property name="user.dir" value="C:\Users\anilkumar06\eclipse-workspace\com.nagarro.nagp.restassured"/>
    <property name="os.arch" value="amd64"/>
    <property name="java.vm.specification.name" value="Java Virtual Machine Specification"/>
    <property name="sun.os.patch.level" value=""/>
    <property name="native.encoding" value="Cp1252"/>
    <property name="java.library.path" value="C:\Users\anilkumar06\.p2\pool\plugins\org.eclipse.justj.openjdk.hotspot.jre.full.win32.x86_64_17.0.7.v20230425-1502\jre\bin;C:\WINDOWS\Sun\Java\bin;C:\WINDOWS\system32;C:\WINDOWS;C:/Users/anilkumar06/.p2/pool/plugins/org.eclipse.justj.openjdk.hotspot.jre.full.win32.x86_64_17.0.7.v20230425-1502/jre/bin/server;C:/Users/anilkumar06/.p2/pool/plugins/org.eclipse.justj.openjdk.hotspot.jre.full.win32.x86_64_17.0.7.v20230425-1502/jre/bin;C:\WINDOWS\system32;C:\WINDOWS;C:\WINDOWS\System32\Wbem;C:\WINDOWS\System32\WindowsPowerShell\v1.0\;C:\WINDOWS\System32\OpenSSH\;C:\Program Files (x86)\Microsoft SQL Server\160\DTS\Binn\;C:\Program Files\Azure Data Studio\bin;C:\Program Files\Microsoft SQL Server\Client SDK\ODBC\170\Tools\Binn\;C:\Program Files (x86)\Microsoft SQL Server\150\Tools\Binn\;C:\Program Files\Microsoft SQL Server\150\Tools\Binn\;C:\Program Files\Microsoft SQL Server\150\DTS\Binn\;C:\Program Files\RedHat\java-11-openjdk-11.0.5-2\bin;C:\Program Files\nodejs\;C:\Program Files\dotnet\;C:\Users\anilkumar06\AppData\Local\Android\Sdk\tools;C:\Program Files\RedHat\java-11-openjdk-11.0.5-2\bin;C:\Users\anilkumar06\AppData\Roaming\npm;C:\Users\anilkumar06\AppData\Local\Android\Sdk\platform-tools;C:\Program Files\TortoiseSVN\bin;C:\Program Files\Git\cmd;C:\Program Files\MySQL\MySQL Shell 8.0\bin\;C:\Users\anilkumar06\AppData\Local\Microsoft\WindowsApps;C:\Program Files\Azure Data Studio\bin;C:\Users\anilkumar06\OneDrive - Nagarro\Documents\softwares\apache-maven-3.6.3-bin\apache-maven-3.6.3\bin;C:\Users\anilkumar06\AppData\Local\Programs\Git\cmd;;C:\WINDOWS\system32;;."/>
    <property name="java.vm.info" value="mixed mode"/>
    <property name="java.vendor" value="Eclipse Adoptium"/>
    <property name="java.vm.version" value="17.0.7+7"/>
    <property name="sun.io.unicode.encoding" value="UnicodeLittle"/>
    <property name="java.class.version" value="61.0"/>
  </properties>
  <testcase name="createBooking" classname="com.nagarro.nagp.restassured.testpackage.AllBookingTest" time="3.392">
    <system-out><![CDATA[Test case  :createBooking started
Request method:	POST
Request URI:	https://restful-booker.herokuapp.com/booking
Proxy:			<none>
Request params:	<none>
Query params:	<none>
Form params:	<none>
Path params:	<none>
Headers:		Accept=*/*
				Content-Type=application/json
Cookies:		<none>
Multiparts:		<none>
Body:
{
    "firstname": "Anil",
    "lastname": "Kumar",
    "totalprice": 2345,
    "depositpaid": false,
    "bookingdates": {
        "checkin": "2024-07-01",
        "checkout": "2024-07-12"
    },
    "additionalneeds": "Bed tea,Breakfast"
}
New book id is 1681
]]></system-out>
    <system-err><![CDATA[SLF4J: Failed to load class "org.slf4j.impl.StaticLoggerBinder".
SLF4J: Defaulting to no-operation (NOP) logger implementation
SLF4J: See http://www.slf4j.org/codes.html#StaticLoggerBinder for further details.
]]></system-err>
  </testcase>
  <testcase name="getBooking" classname="com.nagarro.nagp.restassured.testpackage.AllBookingTest" time="1.467">
    <system-out><![CDATA[Test case  :getBooking started
Request method:	GET
Request URI:	https://restful-booker.herokuapp.com/booking/1681
Proxy:			<none>
Request params:	<none>
Query params:	<none>
Form params:	<none>
Path params:	<none>
Headers:		Accept=*/*
				Content-Type=application/json
Cookies:		<none>
Multiparts:		<none>
Body:			<none>
HTTP/1.1 200 OK
Server: Cowboy
Report-To: {"group":"heroku-nel","max_age":3600,"endpoints":[{"url":"https://nel.heroku.com/reports?ts=1719212746&sid=c46efe9b-d3d2-4a0c-8c76-bfafa16c5add&s=WHh8BTfKvbTCVv4q%2BK8a%2BFQRADQ23EwUJMsUl2DrPdE%3D"}]}
Reporting-Endpoints: heroku-nel=https://nel.heroku.com/reports?ts=1719212746&sid=c46efe9b-d3d2-4a0c-8c76-bfafa16c5add&s=WHh8BTfKvbTCVv4q%2BK8a%2BFQRADQ23EwUJMsUl2DrPdE%3D
Nel: {"report_to":"heroku-nel","max_age":3600,"success_fraction":0.005,"failure_fraction":0.05,"response_headers":["Via"]}
Connection: keep-alive
X-Powered-By: Express
Content-Type: application/json; charset=utf-8
Content-Length: 179
Etag: W/"b3-QgOoOMr9/P+smJMYmsISUdv2Ckw"
Date: Mon, 24 Jun 2024 07:05:46 GMT
Via: 1.1 vegur

{
    "firstname": "Anil",
    "lastname": "Kumar",
    "totalprice": 2345,
    "depositpaid": false,
    "bookingdates": {
        "checkin": "2024-07-01",
        "checkout": "2024-07-12"
    },
    "additionalneeds": "Bed tea,Breakfast"
}
]]></system-out>
  </testcase>
  <testcase name="partialUpdateBooking" classname="com.nagarro.nagp.restassured.testpackage.AllBookingTest" time="3.689">
    <system-out><![CDATA[Test case  :partialUpdateBooking started
Generated token is :190c514d6920a4d
HTTP/1.1 200 OK
Server: Cowboy
Report-To: {"group":"heroku-nel","max_age":3600,"endpoints":[{"url":"https://nel.heroku.com/reports?ts=1719212749&sid=c46efe9b-d3d2-4a0c-8c76-bfafa16c5add&s=sf6exE7%2Bu86JV6IH%2BhNeps%2Fxyfgwym9OJ7Pz9UIlFU4%3D"}]}
Reporting-Endpoints: heroku-nel=https://nel.heroku.com/reports?ts=1719212749&sid=c46efe9b-d3d2-4a0c-8c76-bfafa16c5add&s=sf6exE7%2Bu86JV6IH%2BhNeps%2Fxyfgwym9OJ7Pz9UIlFU4%3D
Nel: {"report_to":"heroku-nel","max_age":3600,"success_fraction":0.005,"failure_fraction":0.05,"response_headers":["Via"]}
Connection: keep-alive
X-Powered-By: Express
Content-Type: application/json; charset=utf-8
Content-Length: 161
Etag: W/"a1-R0VIqwo/yTVKEwTZC3839Y5YS6w"
Date: Mon, 24 Jun 2024 07:05:49 GMT
Via: 1.1 vegur

{
    "firstname": null,
    "lastname": "yadav",
    "totalprice": 654,
    "depositpaid": false,
    "bookingdates": {
        "checkin": "2024-10-01",
        "checkout": "2024-11-10"
    },
    "additionalneeds": null
}
]]></system-out>
  </testcase>
  <testcase name="updateBooking" classname="com.nagarro.nagp.restassured.testpackage.AllBookingTest" time="4.813">
    <system-out><![CDATA[Test case  :updateBooking started
Generated token is :2421c3170f4f87c
Request method:	PUT
Request URI:	https://restful-booker.herokuapp.com/booking/1681
Proxy:			<none>
Request params:	<none>
Query params:	<none>
Form params:	<none>
Path params:	<none>
Headers:		Accept=application/json
				Content-Type=application/json
Cookies:		token=2421c3170f4f87c
Multiparts:		<none>
Body:
{
    "firstname": "Harshit",
    "lastname": "Yadav",
    "totalprice": 999,
    "depositpaid": false,
    "bookingdates": {
        "checkin": "2024-12-01",
        "checkout": "2024-12-25"
    },
    "additionalneeds": "Poha,coffee"
}
HTTP/1.1 200 OK
Server: Cowboy
Report-To: {"group":"heroku-nel","max_age":3600,"endpoints":[{"url":"https://nel.heroku.com/reports?ts=1719212753&sid=c46efe9b-d3d2-4a0c-8c76-bfafa16c5add&s=C8Fa3hhq5pN266vkMAvTBALm8Gje%2Bal6JQPQQQs%2FCD4%3D"}]}
Reporting-Endpoints: heroku-nel=https://nel.heroku.com/reports?ts=1719212753&sid=c46efe9b-d3d2-4a0c-8c76-bfafa16c5add&s=C8Fa3hhq5pN266vkMAvTBALm8Gje%2Bal6JQPQQQs%2FCD4%3D
Nel: {"report_to":"heroku-nel","max_age":3600,"success_fraction":0.005,"failure_fraction":0.05,"response_headers":["Via"]}
Connection: keep-alive
X-Powered-By: Express
Content-Type: application/json; charset=utf-8
Content-Length: 175
Etag: W/"af-zYa1YuJozaBpiYLxNFa067vQne0"
Date: Mon, 24 Jun 2024 07:05:53 GMT
Via: 1.1 vegur

{
    "firstname": "Harshit",
    "lastname": "Yadav",
    "totalprice": 999,
    "depositpaid": false,
    "bookingdates": {
        "checkin": "2024-12-01",
        "checkout": "2024-12-25"
    },
    "additionalneeds": "Poha,coffee"
}
HTTP/1.1 200 OK
Server: Cowboy
Report-To: {"group":"heroku-nel","max_age":3600,"endpoints":[{"url":"https://nel.heroku.com/reports?ts=1719212753&sid=c46efe9b-d3d2-4a0c-8c76-bfafa16c5add&s=C8Fa3hhq5pN266vkMAvTBALm8Gje%2Bal6JQPQQQs%2FCD4%3D"}]}
Reporting-Endpoints: heroku-nel=https://nel.heroku.com/reports?ts=1719212753&sid=c46efe9b-d3d2-4a0c-8c76-bfafa16c5add&s=C8Fa3hhq5pN266vkMAvTBALm8Gje%2Bal6JQPQQQs%2FCD4%3D
Nel: {"report_to":"heroku-nel","max_age":3600,"success_fraction":0.005,"failure_fraction":0.05,"response_headers":["Via"]}
Connection: keep-alive
X-Powered-By: Express
Content-Type: application/json; charset=utf-8
Content-Length: 175
Etag: W/"af-zYa1YuJozaBpiYLxNFa067vQne0"
Date: Mon, 24 Jun 2024 07:05:53 GMT
Via: 1.1 vegur

{
    "firstname": "Harshit",
    "lastname": "Yadav",
    "totalprice": 999,
    "depositpaid": false,
    "bookingdates": {
        "checkin": "2024-12-01",
        "checkout": "2024-12-25"
    },
    "additionalneeds": "Poha,coffee"
}
]]></system-out>
  </testcase>
  <testcase name="deleteBooking" classname="com.nagarro.nagp.restassured.testpackage.AllBookingTest" time="3.164">
    <system-out><![CDATA[Test case  :deleteBooking started
Generated token is :aa6c72caf6dd6d7
Request method:	DELETE
Request URI:	https://restful-booker.herokuapp.com/booking/1681
Proxy:			<none>
Request params:	<none>
Query params:	<none>
Form params:	<none>
Path params:	<none>
Headers:		Accept=*/*
				Content-Type=application/json
Cookies:		token=aa6c72caf6dd6d7
Multiparts:		<none>
Body:			<none>
HTTP/1.1 201 Created
Server: Cowboy
Report-To: {"group":"heroku-nel","max_age":3600,"endpoints":[{"url":"https://nel.heroku.com/reports?ts=1719212757&sid=c46efe9b-d3d2-4a0c-8c76-bfafa16c5add&s=JNYU%2FyjvgDTsHABC7A7%2BFtUKk6tsOBWkrE2nbwLdRWQ%3D"}]}
Reporting-Endpoints: heroku-nel=https://nel.heroku.com/reports?ts=1719212757&sid=c46efe9b-d3d2-4a0c-8c76-bfafa16c5add&s=JNYU%2FyjvgDTsHABC7A7%2BFtUKk6tsOBWkrE2nbwLdRWQ%3D
Nel: {"report_to":"heroku-nel","max_age":3600,"success_fraction":0.005,"failure_fraction":0.05,"response_headers":["Via"]}
Connection: keep-alive
X-Powered-By: Express
Content-Type: text/plain; charset=utf-8
Content-Length: 7
Etag: W/"7-rM9AyJuqT6iOan/xHh+AW+7K/T8"
Date: Mon, 24 Jun 2024 07:05:57 GMT
Via: 1.1 vegur

Created
]]></system-out>
  </testcase>
  <testcase name="getBookings" classname="com.nagarro.nagp.restassured.testpackage.AllBookingTest" time="1.733">
    <system-out><![CDATA[Test case  :getBookings started
Request method:	GET
Request URI:	https://restful-booker.herokuapp.com/booking/
Proxy:			<none>
Request params:	<none>
Query params:	<none>
Form params:	<none>
Path params:	<none>
Headers:		Accept=*/*
				Content-Type=application/json
Cookies:		<none>
Multiparts:		<none>
Body:			<none>
No of bookings available at the momement are :1262
]]></system-out>
  </testcase>
  <testcase name="createBookingResponseSchemaValidation" classname="com.nagarro.nagp.restassured.testpackage.AllBookingTest" time="1.625">
    <system-out><![CDATA[Test case  :createBookingResponseSchemaValidation started
Request method:	POST
Request URI:	https://restful-booker.herokuapp.com/booking
Proxy:			<none>
Request params:	<none>
Query params:	<none>
Form params:	<none>
Path params:	<none>
Headers:		Accept=*/*
				Content-Type=application/json
Cookies:		<none>
Multiparts:		<none>
Body:
{
    "firstname": "Anil",
    "lastname": "Kumar",
    "totalprice": 2345,
    "depositpaid": false,
    "bookingdates": {
        "checkin": "2024-07-01",
        "checkout": "2024-07-12"
    },
    "additionalneeds": "Bed tea,Breakfast"
}
New book id is 1836
Schema: {
  "type": "object",
  "properties": {
    "booking": {
      "type": "object",
      "properties": {
        "firstname": {"type": "string"},
        "additionalneeds": {"type": "string"},
        "bookingdates": {
          "type": "object",
          "properties": {
            "checkin": {
              "format": "date",
              "type": "string"
            },
            "checkout": {
              "format": "date",
              "type": "string"
            }
          },
          "required": [
            "checkin",
            "checkout"
          ]
        },
        "totalprice": {"type": "integer"},
        "depositpaid": {"type": "boolean"},
        "lastname": {"type": "string"}
      },
      "required": [
        "firstname",
        "lastname",
        "totalprice",
        "depositpaid",
        "bookingdates",
        "additionalneeds"
      ]
    },
    "bookingid": {"type": "integer"}
  },
  "required": [
    "bookingid",
    "booking"
  ]
}
Response: {"bookingid":1836,"booking":{"firstname":"Anil","lastname":"Kumar","totalprice":2345,"depositpaid":false,"bookingdates":{"checkin":"2024-07-01","checkout":"2024-07-12"},"additionalneeds":"Bed tea,Breakfast"}}
]]></system-out>
  </testcase>
</testsuite>