<?xml version="1.0" encoding="UTF-8"?>
<!-- Generated by org.testng.reporters.JUnitReportReporter -->
<testsuite hostname="IN-3SJWDK3" failures="0" tests="1" name="com.nagarro.nagp.restassured.TestAPIs.CreateBookingTest" time="2.774" errors="0" timestamp="2024-06-13T10:34:36 IST" skipped="0">
  <testcase classname="com.nagarro.nagp.restassured.TestAPIs.CreateBookingTest" name="testCreateBooking" time="2.774"/>
  <system-out/>
</testsuite> <!-- com.nagarro.nagp.restassured.TestAPIs.CreateBookingTest -->
