<?xml version="1.0" encoding="UTF-8"?>
<!-- Generated by org.testng.reporters.JUnitReportReporter -->
<testsuite hostname="IN-3SJWDK3" failures="0" tests="5" name="com.nagarro.nagp.restassured.testpackage.CreateBookingTest" time="14.678" errors="0" timestamp="2024-06-16T18:36:23 IST" skipped="0">
  <testcase classname="com.nagarro.nagp.restassured.testpackage.CreateBookingTest" name="createBooking" time="3.575"/>
  <system-out/>
  <testcase classname="com.nagarro.nagp.restassured.testpackage.CreateBookingTest" name="getBooking" time="1.499"/>
  <system-out/>
  <testcase classname="com.nagarro.nagp.restassured.testpackage.CreateBookingTest" name="partialUpdateBooking" time="3.171"/>
  <system-out/>
  <testcase classname="com.nagarro.nagp.restassured.testpackage.CreateBookingTest" name="updateBooking" time="3.155"/>
  <system-out/>
  <testcase classname="com.nagarro.nagp.restassured.testpackage.CreateBookingTest" name="deleteBooking" time="3.278"/>
  <system-out/>
</testsuite> <!-- com.nagarro.nagp.restassured.testpackage.CreateBookingTest -->
