<?xml version="1.0" encoding="UTF-8"?>
<!-- Generated by org.testng.reporters.JUnitReportReporter -->
<testsuite hostname="IN-3SJWDK3" failures="0" tests="1" name="com.nagarro.nagp.restassured.testpackage.DeleteBookingTest" time="2.903" errors="0" timestamp="2024-06-16T18:11:37 IST" skipped="0">
  <testcase classname="com.nagarro.nagp.restassured.testpackage.DeleteBookingTest" name="deleteBooking" time="2.903"/>
  <system-out/>
</testsuite> <!-- com.nagarro.nagp.restassured.testpackage.DeleteBookingTest -->
