<?xml version="1.0" encoding="UTF-8"?>
<!-- Generated by org.testng.reporters.JUnitReportReporter -->
<testsuite hostname="IN-3SJWDK3" failures="0" tests="1" name="com.nagarro.nagp.restassured.testpackage.AllBookingTest" time="4.528" errors="0" timestamp="2024-06-24T16:50:26 IST" skipped="0">
  <testcase classname="com.nagarro.nagp.restassured.testpackage.AllBookingTest" name="createBooking" time="4.528"/>
  <system-out/>
</testsuite> <!-- com.nagarro.nagp.restassured.testpackage.AllBookingTest -->
