<?xml version="1.0" encoding="UTF-8"?>
<!-- Generated by org.testng.reporters.JUnitReportReporter -->
<testsuite hostname="IN-3SJWDK3" failures="0" tests="7" name="com.nagarro.nagp.restassured.testpackage.AllBookingTest" time="19.883" errors="0" timestamp="2024-06-24T12:36:02 IST" skipped="0">
  <testcase classname="com.nagarro.nagp.restassured.testpackage.AllBookingTest" name="createBooking" time="3.385"/>
  <system-out/>
  <testcase classname="com.nagarro.nagp.restassured.testpackage.AllBookingTest" name="getBooking" time="1.465"/>
  <system-out/>
  <testcase classname="com.nagarro.nagp.restassured.testpackage.AllBookingTest" name="partialUpdateBooking" time="3.688"/>
  <system-out/>
  <testcase classname="com.nagarro.nagp.restassured.testpackage.AllBookingTest" name="updateBooking" time="4.814"/>
  <system-out/>
  <testcase classname="com.nagarro.nagp.restassured.testpackage.AllBookingTest" name="deleteBooking" time="3.161"/>
  <system-out/>
  <testcase classname="com.nagarro.nagp.restassured.testpackage.AllBookingTest" name="getBookings" time="1.737"/>
  <system-out/>
  <testcase classname="com.nagarro.nagp.restassured.testpackage.AllBookingTest" name="createBookingResponseSchemaValidation" time="1.633"/>
  <system-out/>
</testsuite> <!-- com.nagarro.nagp.restassured.testpackage.AllBookingTest -->
